c:\users\allen\source\repos\openglproject1\openglproject1\debug\vc141.pdb
c:\users\allen\source\repos\openglproject1\openglproject1\debug\vc141.idb
c:\users\allen\source\repos\openglproject1\openglproject1\debug\window.obj
c:\users\allen\source\repos\openglproject1\openglproject1\debug\main.obj
c:\users\allen\source\repos\openglproject1\openglproject1\debug\camera.obj
c:\users\allen\source\repos\openglproject1\openglproject1\debug\mesh.obj
c:\users\allen\source\repos\openglproject1\openglproject1\debug\texture.obj
c:\users\allen\source\repos\openglproject1\openglproject1\debug\model.obj
c:\users\allen\source\repos\openglproject1\openglproject1\debug\shader.obj
c:\users\allen\source\repos\openglproject1\debug\openglproject1.pdb
c:\users\allen\source\repos\openglproject1\openglproject1\debug\openglproject1.tlog\cl.command.1.tlog
c:\users\allen\source\repos\openglproject1\openglproject1\debug\openglproject1.tlog\cl.read.1.tlog
c:\users\allen\source\repos\openglproject1\openglproject1\debug\openglproject1.tlog\cl.write.1.tlog
c:\users\allen\source\repos\openglproject1\openglproject1\debug\openglproject1.tlog\link-cvtres.read.1.tlog
c:\users\allen\source\repos\openglproject1\openglproject1\debug\openglproject1.tlog\link-cvtres.write.1.tlog
c:\users\allen\source\repos\openglproject1\openglproject1\debug\openglproject1.tlog\link-rc.read.1.tlog
c:\users\allen\source\repos\openglproject1\openglproject1\debug\openglproject1.tlog\link-rc.write.1.tlog
c:\users\allen\source\repos\openglproject1\openglproject1\debug\openglproject1.tlog\link.17636-cvtres.read.1.tlog
c:\users\allen\source\repos\openglproject1\openglproject1\debug\openglproject1.tlog\link.17636-cvtres.write.1.tlog
c:\users\allen\source\repos\openglproject1\openglproject1\debug\openglproject1.tlog\link.17636-rc.read.1.tlog
c:\users\allen\source\repos\openglproject1\openglproject1\debug\openglproject1.tlog\link.17636-rc.write.1.tlog
c:\users\allen\source\repos\openglproject1\openglproject1\debug\openglproject1.tlog\link.17636.read.1.tlog
c:\users\allen\source\repos\openglproject1\openglproject1\debug\openglproject1.tlog\link.17636.write.1.tlog
c:\users\allen\source\repos\openglproject1\openglproject1\debug\openglproject1.tlog\link.command.1.tlog
c:\users\allen\source\repos\openglproject1\openglproject1\debug\openglproject1.tlog\link.read.1.tlog
c:\users\allen\source\repos\openglproject1\openglproject1\debug\openglproject1.tlog\link.write.1.tlog
